[0m09:08:15.259048 [debug] [MainThread]: Sending event: {'category': 'dbt', 'action': 'invocation', 'label': 'start', 'context': [<snowplow_tracker.self_describing_json.SelfDescribingJson object at 0x7fc2107c0c70>, <snowplow_tracker.self_describing_json.SelfDescribingJson object at 0x7fc21103fb80>, <snowplow_tracker.self_describing_json.SelfDescribingJson object at 0x7fc21103f130>]}


============================== 09:08:15.264569 | 9ebc6fab-55b7-4cfd-acfc-371836cfe87a ==============================
[0m09:08:15.264569 [info ] [MainThread]: Running with dbt=1.8.7
[0m09:08:15.265860 [debug] [MainThread]: running dbt with arguments {'use_colors': 'True', 'log_path': 'logs', 'invocation_command': 'dbt init', 'partial_parse': 'True', 'cache_selected_only': 'False', 'introspect': 'True', 'log_format': 'default', 'indirect_selection': 'eager', 'no_print': 'None', 'send_anonymous_usage_stats': 'True', 'target_path': 'None', 'fail_fast': 'False', 'quiet': 'False', 'static_parser': 'True', 'profiles_dir': '/Users/luigibungaro/.dbt', 'write_json': 'True', 'use_experimental_parser': 'False', 'empty': 'None', 'warn_error_options': 'WarnErrorOptions(include=[], exclude=[])', 'warn_error': 'None', 'log_cache_events': 'False', 'debug': 'False', 'printer_width': '80', 'version_check': 'True'}
[0m09:08:32.432696 [debug] [MainThread]: Starter project path: /Users/luigibungaro/personal/dubai-house-sell-rent-prices/dubaiEnv/lib/python3.9/site-packages/dbt/include/starter_project
[0m09:08:32.444033 [info ] [MainThread]: 
Your new dbt project "dubaiHousing" was created!

For more information on how to configure the profiles.yml file,
please consult the dbt documentation here:

  https://docs.getdbt.com/docs/configure-your-profile

One more thing:

Need help? Don't hesitate to reach out to us via GitHub issues or on Slack:

  https://community.getdbt.com/

Happy modeling!

[0m09:08:32.445401 [info ] [MainThread]: Setting up your profile.
[0m09:08:32.462518 [error] [MainThread]: Encountered an error:
Runtime Error
  No adapters available. Learn how to install an adapter by going to https://docs.getdbt.com/docs/connect-adapters#install-using-the-cli
[0m09:08:32.765687 [debug] [MainThread]: Resource report: {"command_name": "init", "command_wall_clock_time": 17.616737, "process_user_time": 1.784106, "process_kernel_time": 0.255058, "process_mem_max_rss": "90107904", "command_success": false, "process_in_blocks": "0", "process_out_blocks": "0"}
[0m09:08:32.767101 [debug] [MainThread]: Command `dbt init` failed at 09:08:32.766879 after 17.62 seconds
[0m09:08:32.767993 [debug] [MainThread]: Sending event: {'category': 'dbt', 'action': 'invocation', 'label': 'end', 'context': [<snowplow_tracker.self_describing_json.SelfDescribingJson object at 0x7fc2107c0c70>, <snowplow_tracker.self_describing_json.SelfDescribingJson object at 0x7fc21103fe80>, <snowplow_tracker.self_describing_json.SelfDescribingJson object at 0x7fc21103f9a0>]}
[0m09:08:32.768842 [debug] [MainThread]: Flushing usage events
